<?xml version="1.0" encoding="UTF-8"?>
<!-- Generated by org.testng.reporters.JUnitReportReporter -->
<testsuite skipped="0" hostname="USER-PC" name="qaclickacademy.AppiumTest" tests="2" failures="0" timestamp="28 Jul 2019 16:17:02 GMT" time="0.003" errors="0">
  <testcase name="Alogin" time="0.001" classname="qaclickacademy.AppiumTest"/>
  <testcase name="Atest" time="0.002" classname="qaclickacademy.AppiumTest"/>
</testsuite> <!-- qaclickacademy.AppiumTest -->
