<?xml version="1.0" encoding="UTF-8"?>
<!-- Generated by org.testng.reporters.JUnitReportReporter -->
<testsuite skipped="0" hostname="USER-PC" name="qaclickacademy.RESTAPITest" tests="2" failures="0" timestamp="28 Jul 2019 16:17:02 GMT" time="0.004" errors="0">
  <testcase name="login" time="0.002" classname="qaclickacademy.RESTAPITest"/>
  <testcase name="Wtest" time="0.002" classname="qaclickacademy.RESTAPITest"/>
</testsuite> <!-- qaclickacademy.RESTAPITest -->
