<?xml version="1.0" encoding="UTF-8"?>
<!-- Generated by org.testng.reporters.JUnitReportReporter -->
<testsuite skipped="0" hostname="USER-PC" name="qaclickacademy.SeleniumTest" tests="2" failures="0" timestamp="28 Jul 2019 16:17:02 GMT" time="0.023" errors="0">
  <testcase name="Stest" time="0.001" classname="qaclickacademy.SeleniumTest"/>
  <testcase name="Slogin" time="0.022" classname="qaclickacademy.SeleniumTest"/>
</testsuite> <!-- qaclickacademy.SeleniumTest -->
