<?xml version="1.0" encoding="UTF-8"?>
<!-- Generated by org.testng.reporters.JUnitReportReporter -->
<testsuite hostname="USER-PC" name="qaclickacademy.SeleniumTest" tests="2" failures="0" timestamp="28 Jul 2019 16:42:11 GMT" time="0.013" errors="0">
  <testcase name="Stest" time="0.003" classname="qaclickacademy.SeleniumTest"/>
  <testcase name="Slogin" time="0.010" classname="qaclickacademy.SeleniumTest"/>
</testsuite> <!-- qaclickacademy.SeleniumTest -->
