<?xml version="1.0" encoding="UTF-8"?>
<!-- Generated by org.testng.reporters.JUnitReportReporter -->
<testsuite hostname="USER-PC" name="qaclickacademy.RESTAPITest" tests="2" failures="0" timestamp="28 Jul 2019 16:39:43 GMT" time="0.001" errors="0">
  <testcase name="login" time="0.000" classname="qaclickacademy.RESTAPITest"/>
  <testcase name="Wtest" time="0.001" classname="qaclickacademy.RESTAPITest"/>
</testsuite> <!-- qaclickacademy.RESTAPITest -->
